[16:25:49.611] Global cache location '/home/alexander/.cache/typescript/3.5', safe file path '/home/alexander/Sync/Projects/tinyhouse/client/node_modules/typescript/lib/typingSafeList.json', types map path /home/alexander/Sync/Projects/tinyhouse/client/node_modules/typescript/lib/typesMap.json
[16:25:49.615] Processing cache location '/home/alexander/.cache/typescript/3.5'
[16:25:49.615] Trying to find '/home/alexander/.cache/typescript/3.5/package.json'...
[16:25:49.619] Loaded content of '/home/alexander/.cache/typescript/3.5/package.json': {"private":true,"dependencies":{"types-registry":"^0.1.483"},"devDependencies":{"@types/async":"^3.0.8","@types/atob":"^2.1.2","@types/hammerjs":"^2.0.36","@types/isomorphic-fetch":"0.0.35","@types/object-path":"^0.11.0","@types/react":"^16.9.25","@types/react-dom":"^16.9.5","@types/sprintf":"^0.1.0","@types/ua-parser-js":"^0.7.33"}}
[16:25:49.619] Loaded content of '/home/alexander/.cache/typescript/3.5/package-lock.json'
[16:25:49.715] Adding entry into typings cache: 'async' => '/home/alexander/.cache/typescript/3.5/node_modules/@types/async/index.d.ts'
[16:25:49.727] Adding entry into typings cache: 'atob' => '/home/alexander/.cache/typescript/3.5/node_modules/@types/atob/index.d.ts'
[16:25:49.737] Adding entry into typings cache: 'hammerjs' => '/home/alexander/.cache/typescript/3.5/node_modules/@types/hammerjs/index.d.ts'
[16:25:49.748] Adding entry into typings cache: 'isomorphic-fetch' => '/home/alexander/.cache/typescript/3.5/node_modules/@types/isomorphic-fetch/index.d.ts'
[16:25:49.762] Adding entry into typings cache: 'object-path' => '/home/alexander/.cache/typescript/3.5/node_modules/@types/object-path/index.d.ts'
[16:25:49.776] Adding entry into typings cache: 'react' => '/home/alexander/.cache/typescript/3.5/node_modules/@types/react/index.d.ts'
[16:25:49.796] Adding entry into typings cache: 'react-dom' => '/home/alexander/.cache/typescript/3.5/node_modules/@types/react-dom/index.d.ts'
[16:25:49.809] Adding entry into typings cache: 'sprintf' => '/home/alexander/.cache/typescript/3.5/node_modules/@types/sprintf/index.d.ts'
[16:25:49.823] Adding entry into typings cache: 'ua-parser-js' => '/home/alexander/.cache/typescript/3.5/node_modules/@types/ua-parser-js/index.d.ts'
[16:25:49.823] Finished processing cache location '/home/alexander/.cache/typescript/3.5'
[16:25:49.828] Process id: 3680
[16:25:49.828] NPM location: /usr/bin/npm (explicit '--npmLocation' not  provided)
[16:25:49.828] validateDefaultNpmLocation: false
[16:25:49.829] Npm config file: /home/alexander/.cache/typescript/3.5/package.json
[16:25:49.829] Updating types-registry npm package...
[16:25:49.833] Exec: /usr/bin/npm install --ignore-scripts types-registry@latest
[16:25:52.897]     Succeeded. stdout:
    + types-registry@0.1.483
    updated 1 package and audited 15 packages in 1.419s
found 0 vulnerabilities


[16:25:52.902] Updated types-registry npm package
