Info 0    [16:25:48.336] Starting TS Server
Info 1    [16:25:48.337] Version: 3.5.3
Info 2    [16:25:48.337] Arguments: /usr/bin/node /home/alexander/Sync/Projects/tinyhouse/client/node_modules/.bin/tsserver --logFile /home/alexander/Sync/Projects/tinyhouse/.log/tsserver.log --logVerbosity info --cancellationPipeName /tmp/e0c5b5f5e477aef52cfc67200313bb85/tscancellation*
Info 3    [16:25:48.337] Platform: linux NodeVersion: 13 CaseSensitive: true
Info 4    [16:25:48.367] Search path: /home/alexander/Sync/Projects/tinyhouse/client/src
Info 5    [16:25:48.369] For info: /home/alexander/Sync/Projects/tinyhouse/client/src/index.tsx :: Config file name: /home/alexander/Sync/Projects/tinyhouse/client/tsconfig.json
Info 6    [16:25:48.370] Opened configuration file /home/alexander/Sync/Projects/tinyhouse/client/tsconfig.json
Info 7    [16:25:48.797] Starting updateGraphWorker: Project: /home/alexander/Sync/Projects/tinyhouse/client/tsconfig.json
Info 8    [16:26:1.987] Finishing updateGraphWorker: Project: /home/alexander/Sync/Projects/tinyhouse/client/tsconfig.json Version: 1 structureChanged: true Elapsed: 13190ms
Info 9    [16:26:1.987] Project '/home/alexander/Sync/Projects/tinyhouse/client/tsconfig.json' (Configured) 
Info 10   [16:26:1.987] 	Files (486)

Info 11   [16:26:1.988] -----------------------------------------------
Info 12   [16:26:2.258] Starting updateGraphWorker: Project: /home/alexander/Sync/Projects/tinyhouse/client/tsconfig.json
Info 13   [16:26:2.515] Finishing updateGraphWorker: Project: /home/alexander/Sync/Projects/tinyhouse/client/tsconfig.json Version: 2 structureChanged: false Elapsed: 256ms
Info 14   [16:26:2.516] Project '/home/alexander/Sync/Projects/tinyhouse/client/tsconfig.json' (Configured) 
Info 15   [16:26:2.516] 	Files (486)

Info 16   [16:26:2.516] -----------------------------------------------
Info 17   [16:26:2.520] Starting updateGraphWorker: Project: /home/alexander/Sync/Projects/tinyhouse/client/tsconfig.json
Info 18   [16:26:2.598] Finishing updateGraphWorker: Project: /home/alexander/Sync/Projects/tinyhouse/client/tsconfig.json Version: 3 structureChanged: false Elapsed: 77ms
Info 19   [16:26:2.598] Project '/home/alexander/Sync/Projects/tinyhouse/client/tsconfig.json' (Configured) 
Info 20   [16:26:2.598] 	Files (486)

Info 21   [16:26:2.598] -----------------------------------------------
Info 22   [16:26:2.604] getCompletionData: Get current token: 0
Info 23   [16:26:2.605] getCompletionData: Is inside comment: 0
Info 24   [16:26:2.605] getCompletionData: Get previous token 1: 0
Info 25   [16:26:2.605] getCompletionData: Get previous token 2: 0
Info 26   [16:26:2.608] getCompletionsAtPosition: isCompletionListBlocker: 2
Info 27   [16:26:2.745] getCompletionData: Semantic work: 137
Info 28   [16:26:2.855] getCompletionsAtPosition: getCompletionEntriesFromSymbols: 105
Info 29   [16:26:2.908] Starting updateGraphWorker: Project: /home/alexander/Sync/Projects/tinyhouse/client/tsconfig.json
Info 30   [16:26:2.963] Finishing updateGraphWorker: Project: /home/alexander/Sync/Projects/tinyhouse/client/tsconfig.json Version: 4 structureChanged: false Elapsed: 55ms
Info 31   [16:26:2.963] Project '/home/alexander/Sync/Projects/tinyhouse/client/tsconfig.json' (Configured) 
Info 32   [16:26:2.963] 	Files (486)

Info 33   [16:26:2.964] -----------------------------------------------
Info 34   [16:26:2.964] getCompletionData: Get current token: 0
Info 35   [16:26:2.965] getCompletionData: Is inside comment: 1
Info 36   [16:26:2.965] getCompletionData: Get previous token 1: 0
Info 37   [16:26:2.965] getCompletionData: Get previous token 2: 0
Info 38   [16:26:2.965] getCompletionsAtPosition: isCompletionListBlocker: 0
Info 39   [16:26:3.57] getCompletionData: Semantic work: 92
Info 40   [16:26:3.98] getCompletionsAtPosition: getCompletionEntriesFromSymbols: 40
Info 41   [16:26:3.118] Starting updateGraphWorker: Project: /home/alexander/Sync/Projects/tinyhouse/client/tsconfig.json
Info 42   [16:26:3.168] Finishing updateGraphWorker: Project: /home/alexander/Sync/Projects/tinyhouse/client/tsconfig.json Version: 5 structureChanged: false Elapsed: 50ms
Info 43   [16:26:3.168] Project '/home/alexander/Sync/Projects/tinyhouse/client/tsconfig.json' (Configured) 
Info 44   [16:26:3.168] 	Files (486)

Info 45   [16:26:3.168] -----------------------------------------------
Info 46   [16:26:3.169] Starting updateGraphWorker: Project: /home/alexander/Sync/Projects/tinyhouse/client/tsconfig.json
Info 47   [16:26:3.234] Finishing updateGraphWorker: Project: /home/alexander/Sync/Projects/tinyhouse/client/tsconfig.json Version: 6 structureChanged: false Elapsed: 65ms
Info 48   [16:26:3.234] Project '/home/alexander/Sync/Projects/tinyhouse/client/tsconfig.json' (Configured) 
Info 49   [16:26:3.234] 	Files (486)

Info 50   [16:26:3.234] -----------------------------------------------
Info 51   [16:26:3.280] Starting updateGraphWorker: Project: /home/alexander/Sync/Projects/tinyhouse/client/tsconfig.json
Info 52   [16:26:3.343] Finishing updateGraphWorker: Project: /home/alexander/Sync/Projects/tinyhouse/client/tsconfig.json Version: 7 structureChanged: false Elapsed: 63ms
Info 53   [16:26:3.343] Project '/home/alexander/Sync/Projects/tinyhouse/client/tsconfig.json' (Configured) 
Info 54   [16:26:3.343] 	Files (486)

Info 55   [16:26:3.343] -----------------------------------------------
Info 56   [16:26:3.344] getCompletionData: Get current token: 0
Info 57   [16:26:3.344] getCompletionData: Is inside comment: 0
Info 58   [16:26:3.344] getCompletionData: Get previous token 1: 0
Info 59   [16:26:3.345] getCompletionsAtPosition: isCompletionListBlocker: 1
Info 60   [16:26:3.468] getCompletionData: Semantic work: 123
Info 61   [16:26:3.660] getCompletionsAtPosition: getCompletionEntriesFromSymbols: 191
Info 62   [16:26:3.734] Starting updateGraphWorker: Project: /home/alexander/Sync/Projects/tinyhouse/client/tsconfig.json
Info 63   [16:26:4.104] Finishing updateGraphWorker: Project: /home/alexander/Sync/Projects/tinyhouse/client/tsconfig.json Version: 8 structureChanged: true Elapsed: 370ms
Info 64   [16:26:4.104] Project '/home/alexander/Sync/Projects/tinyhouse/client/tsconfig.json' (Configured) 
Info 65   [16:26:4.104] 	Files (486)

Info 66   [16:26:4.104] -----------------------------------------------
Info 67   [16:26:4.118] Starting updateGraphWorker: Project: /home/alexander/Sync/Projects/tinyhouse/client/tsconfig.json
Info 68   [16:26:4.456] Finishing updateGraphWorker: Project: /home/alexander/Sync/Projects/tinyhouse/client/tsconfig.json Version: 9 structureChanged: true Elapsed: 338ms
Info 69   [16:26:4.457] Project '/home/alexander/Sync/Projects/tinyhouse/client/tsconfig.json' (Configured) 
Info 70   [16:26:4.457] 	Files (486)

Info 71   [16:26:4.457] -----------------------------------------------
Info 72   [16:26:4.466] Starting updateGraphWorker: Project: /home/alexander/Sync/Projects/tinyhouse/client/tsconfig.json
Info 73   [16:26:4.797] Finishing updateGraphWorker: Project: /home/alexander/Sync/Projects/tinyhouse/client/tsconfig.json Version: 10 structureChanged: true Elapsed: 331ms
Info 74   [16:26:4.797] Project '/home/alexander/Sync/Projects/tinyhouse/client/tsconfig.json' (Configured) 
Info 75   [16:26:4.797] 	Files (486)

Info 76   [16:26:4.797] -----------------------------------------------
Info 77   [16:26:4.802] Starting updateGraphWorker: Project: /home/alexander/Sync/Projects/tinyhouse/client/tsconfig.json
Info 78   [16:26:5.21] Finishing updateGraphWorker: Project: /home/alexander/Sync/Projects/tinyhouse/client/tsconfig.json Version: 11 structureChanged: true Elapsed: 219ms
Info 79   [16:26:5.21] Project '/home/alexander/Sync/Projects/tinyhouse/client/tsconfig.json' (Configured) 
Info 80   [16:26:5.21] 	Files (486)

Info 81   [16:26:5.21] -----------------------------------------------
Info 82   [16:26:5.26] Starting updateGraphWorker: Project: /home/alexander/Sync/Projects/tinyhouse/client/tsconfig.json
Info 83   [16:26:5.298] Finishing updateGraphWorker: Project: /home/alexander/Sync/Projects/tinyhouse/client/tsconfig.json Version: 12 structureChanged: true Elapsed: 271ms
Info 84   [16:26:5.298] Project '/home/alexander/Sync/Projects/tinyhouse/client/tsconfig.json' (Configured) 
Info 85   [16:26:5.299] 	Files (486)

Info 86   [16:26:5.299] -----------------------------------------------
Info 87   [16:26:5.303] Starting updateGraphWorker: Project: /home/alexander/Sync/Projects/tinyhouse/client/tsconfig.json
Info 88   [16:26:5.520] Finishing updateGraphWorker: Project: /home/alexander/Sync/Projects/tinyhouse/client/tsconfig.json Version: 13 structureChanged: true Elapsed: 217ms
Info 89   [16:26:5.520] Project '/home/alexander/Sync/Projects/tinyhouse/client/tsconfig.json' (Configured) 
Info 90   [16:26:5.521] 	Files (486)

Info 91   [16:26:5.521] -----------------------------------------------
Info 92   [16:26:5.537] Starting updateGraphWorker: Project: /home/alexander/Sync/Projects/tinyhouse/client/tsconfig.json
Info 93   [16:26:5.795] Finishing updateGraphWorker: Project: /home/alexander/Sync/Projects/tinyhouse/client/tsconfig.json Version: 14 structureChanged: true Elapsed: 258ms
Info 94   [16:26:5.795] Project '/home/alexander/Sync/Projects/tinyhouse/client/tsconfig.json' (Configured) 
Info 95   [16:26:5.795] 	Files (486)

Info 96   [16:26:5.796] -----------------------------------------------
Info 97   [16:26:5.803] Starting updateGraphWorker: Project: /home/alexander/Sync/Projects/tinyhouse/client/tsconfig.json
Info 98   [16:26:5.986] Finishing updateGraphWorker: Project: /home/alexander/Sync/Projects/tinyhouse/client/tsconfig.json Version: 15 structureChanged: true Elapsed: 183ms
Info 99   [16:26:5.986] Project '/home/alexander/Sync/Projects/tinyhouse/client/tsconfig.json' (Configured) 
Info 100  [16:26:5.986] 	Files (486)

Info 101  [16:26:5.986] -----------------------------------------------
Info 102  [16:26:5.991] Starting updateGraphWorker: Project: /home/alexander/Sync/Projects/tinyhouse/client/tsconfig.json
Info 103  [16:26:6.183] Finishing updateGraphWorker: Project: /home/alexander/Sync/Projects/tinyhouse/client/tsconfig.json Version: 16 structureChanged: true Elapsed: 192ms
Info 104  [16:26:6.184] Project '/home/alexander/Sync/Projects/tinyhouse/client/tsconfig.json' (Configured) 
Info 105  [16:26:6.184] 	Files (486)

Info 106  [16:26:6.184] -----------------------------------------------
Info 107  [16:26:6.262] Starting updateGraphWorker: Project: /home/alexander/Sync/Projects/tinyhouse/client/tsconfig.json
Info 108  [16:26:6.526] Finishing updateGraphWorker: Project: /home/alexander/Sync/Projects/tinyhouse/client/tsconfig.json Version: 17 structureChanged: true Elapsed: 263ms
Info 109  [16:26:6.538] Project '/home/alexander/Sync/Projects/tinyhouse/client/tsconfig.json' (Configured) 
Info 110  [16:26:6.538] 	Files (486)

Info 111  [16:26:6.538] -----------------------------------------------
Info 112  [16:26:6.564] Starting updateGraphWorker: Project: /home/alexander/Sync/Projects/tinyhouse/client/tsconfig.json
Info 113  [16:26:6.881] Finishing updateGraphWorker: Project: /home/alexander/Sync/Projects/tinyhouse/client/tsconfig.json Version: 18 structureChanged: true Elapsed: 317ms
Info 114  [16:26:6.881] Project '/home/alexander/Sync/Projects/tinyhouse/client/tsconfig.json' (Configured) 
Info 115  [16:26:6.882] 	Files (486)

Info 116  [16:26:6.882] -----------------------------------------------
Info 117  [16:26:6.917] Starting updateGraphWorker: Project: /home/alexander/Sync/Projects/tinyhouse/client/tsconfig.json
Info 118  [16:26:7.249] Finishing updateGraphWorker: Project: /home/alexander/Sync/Projects/tinyhouse/client/tsconfig.json Version: 19 structureChanged: true Elapsed: 331ms
Info 119  [16:26:7.249] Project '/home/alexander/Sync/Projects/tinyhouse/client/tsconfig.json' (Configured) 
Info 120  [16:26:7.249] 	Files (486)

Info 121  [16:26:7.250] -----------------------------------------------
Info 122  [16:26:7.260] Starting updateGraphWorker: Project: /home/alexander/Sync/Projects/tinyhouse/client/tsconfig.json
Info 123  [16:26:7.477] Finishing updateGraphWorker: Project: /home/alexander/Sync/Projects/tinyhouse/client/tsconfig.json Version: 20 structureChanged: true Elapsed: 216ms
Info 124  [16:26:7.477] Project '/home/alexander/Sync/Projects/tinyhouse/client/tsconfig.json' (Configured) 
Info 125  [16:26:7.477] 	Files (486)

Info 126  [16:26:7.477] -----------------------------------------------
Info 127  [16:26:7.481] Starting updateGraphWorker: Project: /home/alexander/Sync/Projects/tinyhouse/client/tsconfig.json
Info 128  [16:26:7.702] Finishing updateGraphWorker: Project: /home/alexander/Sync/Projects/tinyhouse/client/tsconfig.json Version: 21 structureChanged: true Elapsed: 221ms
Info 129  [16:26:7.702] Project '/home/alexander/Sync/Projects/tinyhouse/client/tsconfig.json' (Configured) 
Info 130  [16:26:7.702] 	Files (486)

Info 131  [16:26:7.702] -----------------------------------------------
Info 132  [16:26:7.727] Starting updateGraphWorker: Project: /home/alexander/Sync/Projects/tinyhouse/client/tsconfig.json
Info 133  [16:26:7.753] Finishing updateGraphWorker: Project: /home/alexander/Sync/Projects/tinyhouse/client/tsconfig.json Version: 22 structureChanged: false Elapsed: 26ms
Info 134  [16:26:7.754] Project '/home/alexander/Sync/Projects/tinyhouse/client/tsconfig.json' (Configured) 
Info 135  [16:26:7.754] 	Files (486)

Info 136  [16:26:7.754] -----------------------------------------------
Info 137  [16:26:7.755] Starting updateGraphWorker: Project: /home/alexander/Sync/Projects/tinyhouse/client/tsconfig.json
Info 138  [16:26:7.798] Finishing updateGraphWorker: Project: /home/alexander/Sync/Projects/tinyhouse/client/tsconfig.json Version: 23 structureChanged: false Elapsed: 43ms
Info 139  [16:26:7.798] Project '/home/alexander/Sync/Projects/tinyhouse/client/tsconfig.json' (Configured) 
Info 140  [16:26:7.798] 	Files (486)

Info 141  [16:26:7.798] -----------------------------------------------
Info 142  [16:26:7.811] Starting updateGraphWorker: Project: /home/alexander/Sync/Projects/tinyhouse/client/tsconfig.json
Info 143  [16:26:8.31] Finishing updateGraphWorker: Project: /home/alexander/Sync/Projects/tinyhouse/client/tsconfig.json Version: 24 structureChanged: true Elapsed: 219ms
Info 144  [16:26:8.31] Project '/home/alexander/Sync/Projects/tinyhouse/client/tsconfig.json' (Configured) 
Info 145  [16:26:8.31] 	Files (486)

Info 146  [16:26:8.31] -----------------------------------------------
Info 147  [16:26:8.39] Starting updateGraphWorker: Project: /home/alexander/Sync/Projects/tinyhouse/client/tsconfig.json
Info 148  [16:26:8.74] Finishing updateGraphWorker: Project: /home/alexander/Sync/Projects/tinyhouse/client/tsconfig.json Version: 25 structureChanged: false Elapsed: 35ms
Info 149  [16:26:8.75] Project '/home/alexander/Sync/Projects/tinyhouse/client/tsconfig.json' (Configured) 
Info 150  [16:26:8.75] 	Files (486)

Info 151  [16:26:8.76] -----------------------------------------------
Info 152  [16:26:8.556] Starting updateGraphWorker: Project: /home/alexander/Sync/Projects/tinyhouse/client/tsconfig.json
Info 153  [16:26:8.602] Finishing updateGraphWorker: Project: /home/alexander/Sync/Projects/tinyhouse/client/tsconfig.json Version: 26 structureChanged: false Elapsed: 46ms
Info 154  [16:26:8.602] Project '/home/alexander/Sync/Projects/tinyhouse/client/tsconfig.json' (Configured) 
Info 155  [16:26:8.602] 	Files (486)

Info 156  [16:26:8.602] -----------------------------------------------
